Build started 7.1.2015. 13:55:57.
     1>Project "C:\Users\tea\Documents\GitHub\BioInf\Rabin-Karp in C\Rabin-Karp in C\Rabin-Karp in C.vcxproj" on node 2 (build target(s)).
     1>InitializeBuildStatus:
         Creating "Debug\Rabin-Karp in C.unsuccessfulbuild" because "AlwaysCreate" was specified.
       ClCompile:
         C:\Program Files (x86)\Microsoft Visual Studio 10.0\VC\bin\CL.exe /c /ZI /nologo /W3 /WX- /Od /Oy- /D _MBCS /Gm /EHsc /RTC1 /MDd /GS /fp:precise /Zc:wchar_t /Zc:forScope /Fo"Debug\\" /Fd"Debug\vc100.pdb" /Gd /TC /analyze- /errorReport:prompt Source.c
         Source.c
     1>c:\users\tea\documents\github\bioinf\rabin-karp in c\rabin-karp in c\source.c(79): warning C4996: 'fopen': This function or variable may be unsafe. Consider using fopen_s instead. To disable deprecation, use _CRT_SECURE_NO_WARNINGS. See online help for details.
                 c:\program files (x86)\microsoft visual studio 10.0\vc\include\stdio.h(234) : see declaration of 'fopen'
     1>c:\users\tea\documents\github\bioinf\rabin-karp in c\rabin-karp in c\source.c(83): warning C4996: 'strerror': This function or variable may be unsafe. Consider using strerror_s instead. To disable deprecation, use _CRT_SECURE_NO_WARNINGS. See online help for details.
                 c:\program files (x86)\microsoft visual studio 10.0\vc\include\string.h(157) : see declaration of 'strerror'
       Link:
         C:\Program Files (x86)\Microsoft Visual Studio 10.0\VC\bin\link.exe /ERRORREPORT:PROMPT /OUT:"C:\Users\tea\Documents\GitHub\BioInf\Rabin-Karp in C\Debug\Rabin-Karp in C.exe" /NOLOGO kernel32.lib user32.lib gdi32.lib winspool.lib comdlg32.lib advapi32.lib shell32.lib ole32.lib oleaut32.lib uuid.lib odbc32.lib odbccp32.lib /MANIFEST /ManifestFile:"Debug\Rabin-Karp in C.exe.intermediate.manifest" /MANIFESTUAC:"level='asInvoker' uiAccess='false'" /DEBUG /PDB:"C:\Users\tea\Documents\GitHub\BioInf\Rabin-Karp in C\Debug\Rabin-Karp in C.pdb" /TLBID:1 /DYNAMICBASE /NXCOMPAT /IMPLIB:"C:\Users\tea\Documents\GitHub\BioInf\Rabin-Karp in C\Debug\Rabin-Karp in C.lib" /MACHINE:X86 Debug\Source.obj
         LINK : C:\Users\tea\Documents\GitHub\BioInf\Rabin-Karp in C\Debug\Rabin-Karp in C.exe not found or not built by the last incremental link; performing full link
         Rabin-Karp in C.vcxproj -> C:\Users\tea\Documents\GitHub\BioInf\Rabin-Karp in C\Debug\Rabin-Karp in C.exe
       Manifest:
         C:\Program Files (x86)\Microsoft SDKs\Windows\v7.0A\bin\mt.exe /nologo /verbose /outputresource:"C:\Users\tea\Documents\GitHub\BioInf\Rabin-Karp in C\Debug\Rabin-Karp in C.exe;#1" /manifest "Debug\Rabin-Karp in C.exe.intermediate.manifest"
       FinalizeBuildStatus:
         Deleting file "Debug\Rabin-Karp in C.unsuccessfulbuild".
         Touching "Debug\Rabin-Karp in C.lastbuildstate".
     1>Done Building Project "C:\Users\tea\Documents\GitHub\BioInf\Rabin-Karp in C\Rabin-Karp in C\Rabin-Karp in C.vcxproj" (build target(s)).

Build succeeded.

Time Elapsed 00:00:00.56
